<?xml version="1.0" encoding="UTF-8" ?>
<testsuite tests="3" failures="0" name="TestSuite" time="10.497" errors="0" skipped="0">
  <properties>
    <property name="PROCESSOR_ARCHITECTURE" value="AMD64"/>
    <property name="file.encoding.pkg" value="sun.io"/>
    <property name="LOGONSERVER" value="\\ISS460602003507"/>
    <property name="CATALINA_LOGGING_CONFIG" value="-Djava.util.logging.config.file=&quot;E:\WFF\Automation\Tomcat\apache-tomcat-9.0.37-windows-x64\apache-tomcat-9.0.37\conf\logging.properties&quot;"/>
    <property name="ProgramData" value="C:\ProgramData"/>
    <property name="java.home" value="C:\Program Files\Java\jdk1.8.0_101\jre"/>
    <property name="TITLE" value="Tomcat"/>
    <property name="NODE_NAME" value="master"/>
    <property name="LG_PATH" value="C:\Program Files (x86)\HP\LoadRunner\"/>
    <property name="JENKINS_URL" value="http://localhost:8081/jenkins/"/>
    <property name="CATALINA_HOME" value="E:\WFF\Automation\Tomcat\apache-tomcat-9.0.37-windows-x64\apache-tomcat-9.0.37"/>
    <property name="ALLUSERSPROFILE" value="C:\ProgramData"/>
    <property name="java.endorsed.dirs" value="C:\Program Files\Java\jdk1.8.0_101\jre\lib\endorsed"/>
    <property name="PSModulePath" value="C:\windows\system32\WindowsPowerShell\v1.0\Modules\"/>
    <property name="=::" value="::\"/>
    <property name="USERDOMAIN" value="ISS460602003507"/>
    <property name="sun.os.patch.level" value="Service Pack 1"/>
    <property name="java.vendor.url" value="http://java.oracle.com/"/>
    <property name="JAVA_OPTS" value=" -Djdk.tls.ephemeralDHKeySize=2048 -Djava.protocol.handler.pkgs=org.apache.catalina.webresources"/>
    <property name="CURR_DIR" value="C:\Program Files (x86)\HP\LoadRunner\dat\Setup\LoadRunner\MSBuild\..\..\..\.."/>
    <property name="CommonProgramFiles(x86)" value="C:\Program Files (x86)\Common Files"/>
    <property name="java.version" value="1.8.0_101"/>
    <property name="JOB_NAME" value="selenium_demo"/>
    <property name="COMPUTERNAME" value="ISS460602003507"/>
    <property name="windows_tracing_logfile" value="C:\BVTBin\Tests\installpackage\csilogfile.log"/>
    <property name="EXECUTABLE" value="E:\WFF\Automation\Tomcat\apache-tomcat-9.0.37-windows-x64\apache-tomcat-9.0.37\bin\catalina.bat"/>
    <property name="java.vendor.url.bug" value="http://bugreport.sun.com/bugreport/"/>
    <property name="PUBLIC" value="C:\Users\Public"/>
    <property name="user.name" value="issuser"/>
    <property name="sun.io.unicode.encoding" value="UnicodeLittle"/>
    <property name="sun.jnu.encoding" value="GBK"/>
    <property name="java.runtime.name" value="Java(TM) SE Runtime Environment"/>
    <property name="windir" value="C:\windows"/>
    <property name="PROCESSOR_IDENTIFIER" value="Intel64 Family 6 Model 78 Stepping 3, GenuineIntel"/>
    <property name="=E:" value="E:\WFF\Automation\Tomcat\apache-tomcat-9.0.37-windows-x64\apache-tomcat-9.0.37\bin"/>
    <property name="java.specification.name" value="Java Platform API Specification"/>
    <property name="LOCALAPPDATA" value="C:\Users\issuser\AppData\Local"/>
    <property name="RUN_CHANGES_DISPLAY_URL" value="http://localhost:8081/jenkins/job/selenium_demo/8/display/redirect?page=changes"/>
    <property name="user.timezone" value="Asia/Shanghai"/>
    <property name="user.script" value=""/>
    <property name="path.separator" value=";"/>
    <property name="NUMBER_OF_PROCESSORS" value="4"/>
    <property name="BUILD_TAG" value="jenkins-selenium_demo-8"/>
    <property name="TERM" value="dumb"/>
    <property name="windows_tracing_flags" value="3"/>
    <property name="file.encoding" value="GBK"/>
    <property name="automation" value="E:\WFF\workspace\automation"/>
    <property name="LOG_FILE" value="C:\Users\issuser\AppData\Local\Temp\ihp_custom_batches.log"/>
    <property name="sun.java.command" value="jenkins.maven3.agent.Maven35Main E:\WFF\Automation\apache-maven-3.6.3-bin\apache-maven-3.6.3 E:\WFF\Automation\Tomcat\apache-tomcat-9.0.37-windows-x64\apache-tomcat-9.0.37\webapps\jenkins\WEB-INF\lib\remoting-4.3.jar C:\Users\issuser\.jenkins\plugins\maven-plugin\WEB-INF\lib\maven35-interceptor-1.13.jar C:\Users\issuser\.jenkins\plugins\maven-plugin\WEB-INF\lib\maven3-interceptor-commons-1.13.jar 29019"/>
    <property name="HUDSON_URL" value="http://localhost:8081/jenkins/"/>
    <property name="JENKINS_SERVER_COOKIE" value="70276400a8c3c153"/>
    <property name="EXECUTOR_NUMBER" value="0"/>
    <property name="Path" value="C:\ProgramData\Oracle\Java\javapath;C:\Program Files (x86)\Intel\iCLS Client\;C:\Program Files\Intel\iCLS Client\;C:\windows\system32;C:\windows;C:\windows\System32\Wbem;C:\windows\System32\WindowsPowerShell\v1.0\;C:\Program Files (x86)\Intel\Intel(R) Management Engine Components\DAL;C:\Program Files\Intel\Intel(R) Management Engine Components\DAL;C:\Program Files (x86)\Intel\Intel(R) Management Engine Components\IPT;C:\Program Files\Intel\Intel(R) Management Engine Components\IPT;C:\strawberry\c\bin;C:\strawberry\perl\bin;C:\Users\issuser\AppData\Local\Programs\Python\Python37-32;C:\Users\issuser\AppData\Local\Programs\Python\Python37-32\Scripts;C:\Program Files\TortoiseSVN\bin;C:\Program Files\Java\jdk1.8.0_101\bin;D:\Tools\nodejs\;C:\Users\issuser\AppData\Local\Programs\Python\Python37-32\Tesseract-OCR;C:\Program Files\Git\cmd;C:\Users\issuser\AppData\Local\Programs\Python\Python37-32\Scripts\;C:\Users\issuser\AppData\Local\Programs\Python\Python37-32\;C:\Users\issuser\Anaconda3;C:\Users\issuser\Anaconda3\Scripts;C:\Program Files\JetBrains\PyCharm Community Edition 2019.2\bin;;C:\Users\issuser\AppData\Local\Programs\Python\Python37-32\Scripts;C:\Program Files\Google\Chrome\Application;C:\Program Files\JetBrains\IntelliJ IDEA 2019.2.4\bin;;C:\Users\issuser\AppData\Roaming\npm;C:\Program Files (x86)\MyDrivers\DriverGenius;C:\Program Files (x86)\MyDrivers\DriverGenius\ksoft"/>
    <property name="LOGGER_CONFIG_PATH" value="C:\Program Files (x86)\HP\LoadRunner\dat\ltlogconf.xml"/>
    <property name="GIT_COMMIT" value="55e386468c0f679e7249d219285622530a87636d"/>
    <property name="java.io.tmpdir" value="C:\Users\issuser\AppData\Local\Temp\"/>
    <property name="APPDATA" value="C:\Users\issuser\AppData\Roaming"/>
    <property name="user.language" value="zh"/>
    <property name="CATALINA_TMPDIR" value="E:\WFF\Automation\Tomcat\apache-tomcat-9.0.37-windows-x64\apache-tomcat-9.0.37\temp"/>
    <property name="line.separator" value="
"/>
    <property name="BUILD_URL" value="http://localhost:8081/jenkins/job/selenium_demo/8/"/>
    <property name="TESSDATA_PREFIX" value="C:\Users\issuser\AppData\Local\Programs\Python\Python37-32\Tesseract-OCR\"/>
    <property name="ACTION" value="start"/>
    <property name="M2_HOME" value="E:\WFF\Automation\apache-maven-3.6.3-bin\apache-maven-3.6.3"/>
    <property name="java.vm.info" value="mixed mode"/>
    <property name="sun.desktop" value="windows"/>
    <property name="java.vm.specification.name" value="Java Virtual Machine Specification"/>
    <property name="BUILD_DISPLAY_NAME" value="#8"/>
    <property name="OS" value="Windows_NT"/>
    <property name="guice.disable.misplaced.annotation.check" value="true"/>
    <property name="CATALINA_BASE" value="E:\WFF\Automation\Tomcat\apache-tomcat-9.0.37-windows-x64\apache-tomcat-9.0.37"/>
    <property name="TARGETDIR" value="C:\Program Files (x86)\HP\LoadRunner\dat\Setup\LoadRunner\MSBuild\..\..\..\.."/>
    <property name="HUDSON_SERVER_COOKIE" value="70276400a8c3c153"/>
    <property name="JRE_HOME" value="C:\Program Files\Java\jdk1.8.0_101"/>
    <property name="_EXECJAVA" value="start &quot;Tomcat&quot; &quot;C:\Program Files\Java\jdk1.8.0_101\bin\java.exe&quot;"/>
    <property name="WORKSPACE_TMP" value="C:\Users\issuser\.jenkins\workspace\selenium_demo@tmp"/>
    <property name="_RUNJAVA" value="&quot;C:\Program Files\Java\jdk1.8.0_101\bin\java.exe&quot;"/>
    <property name="MAVEN_HOME" value="E:\WFF\Automation\apache-maven-3.6.3-bin\apache-maven-3.6.3"/>
    <property name="SESSIONNAME" value="Console"/>
    <property name="PATHEXT" value=".COM;.EXE;.BAT;.CMD;.VBS;.VBE;.JS;.JSE;.WSF;.WSH;.MSC"/>
    <property name="java.awt.printerjob" value="sun.awt.windows.WPrinterJob"/>
    <property name="maven3.interceptor.common" value="C:\Users\issuser\.jenkins\plugins\maven-plugin\WEB-INF\lib\maven3-interceptor-commons-1.13.jar"/>
    <property name="CLASSPATH" value=""/>
    <property name="ANALYSIS_PATH" value="C:\Program Files (x86)\HP\LoadRunner\"/>
    <property name="PyCharm Community Edition" value="C:\Program Files\JetBrains\PyCharm Community Edition 2019.2\bin;"/>
    <property name="HOMEPATH" value="\Users\issuser"/>
    <property name="JEMETE_HOME" value="E:\WFF\Tools\apache-jmeter-5.2.1"/>
    <property name="os.name" value="Windows 7"/>
    <property name="java.specification.vendor" value="Oracle Corporation"/>
    <property name="FP_NO_HOST_CHECK" value="NO"/>
    <property name="java.vm.name" value="Java HotSpot(TM) 64-Bit Server VM"/>
    <property name="BUILD_NUMBER" value="8"/>
    <property name="maven3.interceptor" value="C:\Users\issuser\.jenkins\plugins\maven-plugin\WEB-INF\lib\maven35-interceptor-1.13.jar"/>
    <property name="java.library.path" value="C:\Program Files\Java\jdk1.8.0_101\bin;C:\windows\Sun\Java\bin;C:\windows\system32;C:\windows;E:\WFF\Automation\apache-maven-3.6.3-bin\apache-maven-3.6.3/bin;C:\ProgramData\Oracle\Java\javapath;C:\Program Files (x86)\Intel\iCLS Client\;C:\Program Files\Intel\iCLS Client\;C:\windows\system32;C:\windows;C:\windows\System32\Wbem;C:\windows\System32\WindowsPowerShell\v1.0\;C:\Program Files (x86)\Intel\Intel(R) Management Engine Components\DAL;C:\Program Files\Intel\Intel(R) Management Engine Components\DAL;C:\Program Files (x86)\Intel\Intel(R) Management Engine Components\IPT;C:\Program Files\Intel\Intel(R) Management Engine Components\IPT;C:\strawberry\c\bin;C:\strawberry\perl\bin;C:\Users\issuser\AppData\Local\Programs\Python\Python37-32;C:\Users\issuser\AppData\Local\Programs\Python\Python37-32\Scripts;C:\Program Files\TortoiseSVN\bin;C:\Program Files\Java\jdk1.8.0_101\bin;D:\Tools\nodejs\;C:\Users\issuser\AppData\Local\Programs\Python\Python37-32\Tesseract-OCR;C:\Program Files\Git\cmd;C:\Users\issuser\AppData\Local\Programs\Python\Python37-32\Scripts\;C:\Users\issuser\AppData\Local\Programs\Python\Python37-32\;C:\Users\issuser\Anaconda3;C:\Users\issuser\Anaconda3\Scripts;C:\Program Files\JetBrains\PyCharm Community Edition 2019.2\bin;;C:\Users\issuser\AppData\Local\Programs\Python\Python37-32\Scripts;C:\Program Files\Google\Chrome\Application;C:\Program Files\JetBrains\IntelliJ IDEA 2019.2.4\bin;;C:\Users\issuser\AppData\Roaming\npm;C:\Program Files (x86)\MyDrivers\DriverGenius;C:\Program Files (x86)\MyDrivers\DriverGenius\ksoft;."/>
    <property name="HOMEDRIVE" value="C:"/>
    <property name="POM_GROUPID" value="test"/>
    <property name="POM_ARTIFACTID" value="automation"/>
    <property name="java.class.version" value="52.0"/>
    <property name="JSSE_OPTS" value="-Djdk.tls.ephemeralDHKeySize=2048"/>
    <property name="LOGGING_MANAGER" value="-Djava.util.logging.manager=org.apache.juli.ClassLoaderLogManager"/>
    <property name="_RUNJDB" value="&quot;C:\Program Files\Java\jdk1.8.0_101\bin\jdb.exe&quot;"/>
    <property name="LR_ROOT" value="C:\Program Files (x86)\HP\LoadRunner\"/>
    <property name="JOB_URL" value="http://localhost:8081/jenkins/job/selenium_demo/"/>
    <property name="GIT_PREVIOUS_COMMIT" value="55e386468c0f679e7249d219285622530a87636d"/>
    <property name="GIT_BRANCH" value="origin/master"/>
    <property name="RUN_DISPLAY_URL" value="http://localhost:8081/jenkins/job/selenium_demo/8/display/redirect"/>
    <property name="MAINCLASS" value="org.apache.catalina.startup.Bootstrap"/>
    <property name="FTP_PASSIVE" value="1"/>
    <property name="JENKINS_HOME" value="C:\Users\issuser\.jenkins"/>
    <property name="BUILD_ID" value="8"/>
    <property name="TEMP" value="C:\Users\issuser\AppData\Local\Temp"/>
    <property name="sun.boot.library.path" value="C:\Program Files\Java\jdk1.8.0_101\jre\bin"/>
    <property name="VUGEN_PATH" value="C:\Program Files (x86)\HP\LoadRunner\"/>
    <property name="JDK_JAVA_OPTIONS" value=" --add-opens=java.base/java.lang=ALL-UNNAMED --add-opens=java.base/java.io=ALL-UNNAMED --add-opens=java.rmi/sun.rmi.transport=ALL-UNNAMED"/>
    <property name="sun.management.compiler" value="HotSpot 64-Bit Tiered Compilers"/>
    <property name="java.awt.graphicsenv" value="sun.awt.Win32GraphicsEnvironment"/>
    <property name="user.variant" value=""/>
    <property name="PROCESSOR_REVISION" value="4e03"/>
    <property name="POM_VERSION" value="1.0-SNAPSHOT"/>
    <property name="HUDSON_HOME" value="C:\Users\issuser\.jenkins"/>
    <property name="GIT_PREVIOUS_SUCCESSFUL_COMMIT" value="55e386468c0f679e7249d219285622530a87636d"/>
    <property name="ProgramFiles(x86)" value="C:\Program Files (x86)"/>
    <property name="PATH+MAVEN" value="E:\WFF\Automation\apache-maven-3.6.3-bin\apache-maven-3.6.3/bin"/>
    <property name="IntelliJ IDEA" value="C:\Program Files\JetBrains\IntelliJ IDEA 2019.2.4\bin;"/>
    <property name="RUN_ARTIFACTS_DISPLAY_URL" value="http://localhost:8081/jenkins/job/selenium_demo/8/display/redirect?page=artifacts"/>
    <property name="PROMPT" value="$P$G"/>
    <property name="CURRENT_DIR" value="E:\WFF\Automation\Tomcat\apache-tomcat-9.0.37-windows-x64\apache-tomcat-9.0.37\bin"/>
    <property name="java.vm.specification.version" value="1.8"/>
    <property name="JAVA_HOME" value="C:\Program Files\Java\jdk1.8.0_101"/>
    <property name="awt.toolkit" value="sun.awt.windows.WToolkit"/>
    <property name="NODE_LABELS" value="master"/>
    <property name="sun.cpu.isalist" value="amd64"/>
    <property name="USERPROFILE" value="C:\Users\issuser"/>
    <property name="JOB_DISPLAY_URL" value="http://localhost:8081/jenkins/job/selenium_demo/display/redirect"/>
    <property name="java.ext.dirs" value="C:\Program Files\Java\jdk1.8.0_101\jre\lib\ext;C:\windows\Sun\Java\lib\ext"/>
    <property name="os.version" value="6.1"/>
    <property name="user.home" value="C:\Users\issuser"/>
    <property name="USERNAME" value="issuser"/>
    <property name="java.vm.vendor" value="Oracle Corporation"/>
    <property name="PROCESSOR_LEVEL" value="6"/>
    <property name="CommonProgramW6432" value="C:\Program Files\Common Files"/>
    <property name="user.dir" value="E:\WFF\workspace\automation"/>
    <property name="maven.conf" value="E:\WFF\Automation\apache-maven-3.6.3-bin\apache-maven-3.6.3\conf"/>
    <property name="ProgramW6432" value="C:\Program Files"/>
    <property name="TMP" value="C:\Users\issuser\AppData\Local\Temp"/>
    <property name="sun.cpu.endian" value="little"/>
    <property name="SystemDrive" value="C:"/>
    <property name="java.vm.version" value="25.101-b13"/>
    <property name="java.class.path" value="C:\Users\issuser\.jenkins\plugins\maven-plugin\WEB-INF\lib\maven35-agent-1.13.jar;E:\WFF\Automation\apache-maven-3.6.3-bin\apache-maven-3.6.3\boot\plexus-classworlds-2.6.0.jar;E:\WFF\Automation\apache-maven-3.6.3-bin\apache-maven-3.6.3/conf/logging"/>
    <property name="org.slf4j.simpleLogger.defaultLogLevel" value="info"/>
    <property name="os.arch" value="amd64"/>
    <property name="ComSpec" value="C:\windows\system32\cmd.exe"/>
    <property name="WORKSPACE" value="C:\Users\issuser\.jenkins\workspace\selenium_demo"/>
    <property name="RUN_TESTS_DISPLAY_URL" value="http://localhost:8081/jenkins/job/selenium_demo/8/display/redirect?page=tests"/>
    <property name="sun.java.launcher" value="SUN_STANDARD"/>
    <property name="SystemRoot" value="C:\windows"/>
    <property name="CommonProgramFiles" value="C:\Program Files\Common Files"/>
    <property name="java.vm.specification.vendor" value="Oracle Corporation"/>
    <property name="file.separator" value="\"/>
    <property name="LR_PATH" value="C:\Program Files (x86)\HP\LoadRunner\"/>
    <property name="java.runtime.version" value="1.8.0_101-b13"/>
    <property name="sun.boot.class.path" value="C:\Program Files\Java\jdk1.8.0_101\jre\lib\resources.jar;C:\Program Files\Java\jdk1.8.0_101\jre\lib\rt.jar;C:\Program Files\Java\jdk1.8.0_101\jre\lib\sunrsasign.jar;C:\Program Files\Java\jdk1.8.0_101\jre\lib\jsse.jar;C:\Program Files\Java\jdk1.8.0_101\jre\lib\jce.jar;C:\Program Files\Java\jdk1.8.0_101\jre\lib\charsets.jar;C:\Program Files\Java\jdk1.8.0_101\jre\lib\jfr.jar;C:\Program Files\Java\jdk1.8.0_101\jre\classes"/>
    <property name="ProgramFiles" value="C:\Program Files"/>
    <property name="TOMCAT_HOME" value="E:\WFF\Automation\Tomcat\apache-tomcat-9.0.37-windows-x64\apache-tomcat-9.0.37"/>
    <property name="user.country" value="CN"/>
    <property name="POM_PACKAGING" value="jar"/>
    <property name="maven.home" value="E:\WFF\Automation\apache-maven-3.6.3-bin\apache-maven-3.6.3"/>
    <property name="ENDORSED_PROP" value="ignore.endorsed.dirs"/>
    <property name="JOB_BASE_NAME" value="selenium_demo"/>
    <property name="java.vendor" value="Oracle Corporation"/>
    <property name="POM_DISPLAYNAME" value="automation"/>
    <property name="java.specification.version" value="1.8"/>
    <property name="sun.arch.data.model" value="64"/>
    <property name="GIT_URL" value="https://github.com/feifei-wu-git/SeleniumDemo.git"/>
  </properties>
  <testcase classname="com.testng0714.HomeWork" name="testCase01" time="2.007"/>
  <testcase classname="com.testng0714.HomeWork" name="testCase02" time="3.094"/>
  <testcase classname="com.testng0714.HomeWork" name="testCase03" time="5.396"/>
</testsuite>