<?xml version="1.0" encoding="UTF-8"?>
<!-- Generated by org.testng.reporters.JUnitReportReporter -->
<testsuite hostname="ISS460602003507" name="com.testng0714.HomeWork" tests="4" failures="0" timestamp="27 Jul 2020 06:09:04 GMT" time="42.302" errors="0">
  <testcase name="case1" time="11.331" classname="com.testng0714.HomeWork"/>
  <testcase name="testCase03" time="15.428" classname="com.testng0714.HomeWork"/>
  <testcase name="testCase02" time="8.214" classname="com.testng0714.HomeWork"/>
  <testcase name="testCase01" time="7.329" classname="com.testng0714.HomeWork"/>
</testsuite> <!-- com.testng0714.HomeWork -->
