<?xml version="1.0" encoding="UTF-8"?>
<!-- Generated by org.testng.reporters.JUnitReportReporter -->
<testsuite hostname="ISS460602003507" name="com.testng0714.HomeWork" tests="3" failures="0" timestamp="28 Jul 2020 03:21:49 GMT" time="44.431" errors="0">
  <testcase name="testCase03" time="15.517" classname="com.testng0714.HomeWork"/>
  <testcase name="testCase01" time="9.386" classname="com.testng0714.HomeWork"/>
  <testcase name="testCase02" time="19.528" classname="com.testng0714.HomeWork"/>
</testsuite> <!-- com.testng0714.HomeWork -->
